DEBUG:root:Saving day day_1.html with mode direct...
ERROR:root:File not found: .\day_1.html
DEBUG:root:Saving day day_1.html with mode direct...
ERROR:root:File not found: .\day_1.html
DEBUG:root:Saving day day_1.html with mode archival...
DEBUG:root:Handling archival mode
DEBUG:root:Updating index.html: C:/Users/games/Desktop/Gemini_Japan\index.html
DEBUG:root:Running safe update_index_links
DEBUG:root:Writing index.html
DEBUG:root:Done save successfully
DEBUG:root:Saving day day_1.html with mode archival...
DEBUG:root:Handling archival mode
DEBUG:root:Updating index.html: C:/Users/games/Desktop/Gemini_Japan\index.html
DEBUG:root:Running safe update_index_links
DEBUG:root:Writing index.html
DEBUG:root:Done save successfully
DEBUG:root:Saving day day_2.html with mode archival...
DEBUG:root:Handling archival mode
DEBUG:root:Updating index.html: C:/Users/games/Desktop/Gemini_Japan\index.html
DEBUG:root:Running safe update_index_links
DEBUG:root:Writing index.html
DEBUG:root:Done save successfully
DEBUG:root:Saving day day_1.html with mode archival...
DEBUG:root:Handling archival mode
DEBUG:root:Updating index.html: C:/Users/games/Desktop/Gemini_Japan\index.html
DEBUG:root:Running safe update_index_links
DEBUG:root:Writing index.html
DEBUG:root:exercises_data.json synced with wysiwyg block
DEBUG:root:Done save successfully
DEBUG:root:Saving day day_2.html with mode archival...
DEBUG:root:Handling archival mode
DEBUG:root:Updating index.html: C:/Users/games/Desktop/Gemini_Japan\index.html
DEBUG:root:Running safe update_index_links
DEBUG:root:Writing index.html
DEBUG:root:exercises_data.json synced with wysiwyg block
DEBUG:root:Done save successfully
DEBUG:root:Saving day 564ę.html with mode direct...
DEBUG:root:Reading direct html path
DEBUG:root:Writing direct html path
DEBUG:root:Updating index.html: C:/Users/games/Desktop/Gemini_Japan\index.html
DEBUG:root:Running safe update_index_links
DEBUG:root:Writing index.html
DEBUG:root:exercises_data.json synced with wysiwyg block
DEBUG:root:Done save successfully
DEBUG:root:Saving day 232323233.html with mode direct...
DEBUG:root:Reading direct html path
DEBUG:root:Writing direct html path
DEBUG:root:Updating index.html: C:/Users/games/Desktop/Gemini_Japan\index.html
DEBUG:root:Running safe update_index_links
DEBUG:root:Writing index.html
DEBUG:root:exercises_data.json synced with wysiwyg block
DEBUG:root:Done save successfully
DEBUG:root:Saving day 232323233.html with mode direct...
DEBUG:root:Reading direct html path
DEBUG:root:Writing direct html path
DEBUG:root:Updating index.html: C:/Users/games/Desktop/Gemini_Japan\index.html
DEBUG:root:Running safe update_index_links
DEBUG:root:Writing index.html
DEBUG:root:exercises_data.json synced with wysiwyg block
DEBUG:root:Done save successfully
DEBUG:root:Saving day 1231.html with mode direct...
DEBUG:root:Reading direct html path
DEBUG:root:Writing direct html path
DEBUG:root:Updating index.html: C:/Users/games/Desktop/Gemini_Japan/exercise\index.html
DEBUG:root:exercises_data.json synced with wysiwyg block
DEBUG:root:Done save successfully
DEBUG:root:Saving day 123.html with mode direct...
DEBUG:root:Reading direct html path
DEBUG:root:Writing direct html path
DEBUG:root:Updating index.html: C:/Users/games/Desktop/Gemini_Japan/exercise\index.html
DEBUG:root:exercises_data.json synced with wysiwyg block
DEBUG:root:Done save successfully
DEBUG:root:Saving day day_3.html with mode direct...
DEBUG:root:Reading direct html path
DEBUG:root:Writing direct html path
DEBUG:root:Updating index.html: C:\Users\games\AppData\Local\Temp\askcpl_workspace\index.html
DEBUG:root:Running safe update_index_links
DEBUG:root:Writing index.html
DEBUG:root:exercises_data.json synced with wysiwyg block
DEBUG:root:Done save successfully
DEBUG:root:Saving day day_3.html with mode archival...
DEBUG:root:Handling archival mode
DEBUG:root:Updating index.html: C:\Users\games\AppData\Local\Temp\askcpl_workspace\index.html
DEBUG:root:Running safe update_index_links
DEBUG:root:Writing index.html
DEBUG:root:exercises_data.json synced with wysiwyg block
DEBUG:root:Done save successfully
DEBUG:root:Saving day day_4.html with mode archival...
DEBUG:root:Handling archival mode
DEBUG:root:Updating index.html: C:\Users\games\AppData\Local\Temp\askcpl_workspace\index.html
DEBUG:root:Running safe update_index_links
DEBUG:root:Writing index.html
DEBUG:root:exercises_data.json synced with wysiwyg block
DEBUG:root:Done save successfully
DEBUG:root:Saving day day_4.html with mode archival...
DEBUG:root:Handling archival mode
DEBUG:root:Updating index.html: C:\Users\games\AppData\Local\Temp\askcpl_workspace\index.html
DEBUG:root:Running safe update_index_links
DEBUG:root:Writing index.html
DEBUG:root:exercises_data.json synced with wysiwyg block
DEBUG:root:Done save successfully
DEBUG:root:Saving day day_3.html with mode archival...
DEBUG:root:Handling archival mode
DEBUG:root:Updating index.html: C:\Users\games\AppData\Local\Temp\askcpl_workspace\index.html
DEBUG:root:Running safe update_index_links
DEBUG:root:Writing index.html
DEBUG:root:exercises_data.json synced with wysiwyg block
DEBUG:root:Done save successfully
DEBUG:root:Saving day day_4.html with mode archival...
DEBUG:root:Handling archival mode
DEBUG:root:Updating index.html: C:\Users\games\AppData\Local\Temp\askcpl_workspace\index.html
DEBUG:root:Running safe update_index_links
DEBUG:root:Writing index.html
DEBUG:root:exercises_data.json synced with wysiwyg block
DEBUG:root:Done save successfully
DEBUG:root:Saving day AGNote.html with mode archival...
DEBUG:root:Handling archival mode
DEBUG:root:Updating index.html: C:/Users/12953 bao/Desktop/desktop/work/Project/Python/BasicLearnPython/W3schools/Python Tutorial/GravityCode/Download/AskCpl/Note\index.html
DEBUG:root:exercises_data.json synced with wysiwyg block
DEBUG:root:Done save successfully
